ISim log file
Running: C:\Users\lenovo\Desktop\codes\verilog\P7\ppcpu\tb_isim_beh.exe -intstyle ise -gui -tclbatch isim.cmd -wdb C:/Users/lenovo/Desktop/codes/verilog/P7/ppcpu/tb_isim_beh.wdb 
ISim P.20131013 (signature 0x7708f090)
----------------------------------------------------------------------
WARNING:Security:42 - Your software subscription period has lapsed. Your current version of Xilinx tools will continue to function, but you no longer qualify for Xilinx software updates or new releases.


----------------------------------------------------------------------
This is a Full version of ISim.
Time resolution is 1 ps
# onerror resume
# wave add /
# run 1000 ns
Simulator is doing circuit initialization process.
Finished circuit initialization process.
@00003000: $ 8 <= 00001c01
@00003008: $24 <= 00000010
@0000300c: $10 <= 12340000
@00004180: $26 <= 00000020
@00004184: $27 <= 0000007c
@00004188: $26 <= 00000020
@000041f0: $ 9 <= 00003010
@000041f4: $10 <= 00000004
@000041fc: $ 9 <= 00000000
@00004228: $ 9 <= 00000020
@0000422c: $10 <= 80000000
@00004230: $ 9 <= 00000000
@00004264: $17 <= 00000111
@00004268: $26 <= 00003010
@0000426c: $26 <= 00003014
@0000427c: $21 <= 00003050
@00003050: $14 <= 00000000
@00003054: $15 <= 00000013
@00004180: $26 <= 00000020
@00004184: $27 <= 0000007c
@00004188: $26 <= 00000020
@000041f0: $ 9 <= 0000305c
@000041f4: $10 <= 00000004
@000041fc: $ 9 <= 00000000
@00004228: $ 9 <= 00000020
@0000422c: $10 <= 80000000
@00004230: $ 9 <= 00000000
@00004264: $17 <= 00000111
@00004268: $26 <= 0000305c
@0000426c: $26 <= 00003060
@0000427c: $21 <= 00003050
@00003050: $14 <= 00000000
@00003054: $15 <= 00000013
@00004180: $26 <= 00000020
@00004184: $27 <= 0000007c
@00004188: $26 <= 00000020
@000041f0: $ 9 <= 0000305c
@000041f4: $10 <= 00000004
@000041fc: $ 9 <= 00000000
@00004228: $ 9 <= 00000020
@0000422c: $10 <= 80000000
@00004230: $ 9 <= 00000000
@00004264: $17 <= 00000111
@00004268: $26 <= 0000305c
@0000426c: $26 <= 00003060
@0000427c: $21 <= 00003050
@00003050: $14 <= 00000000
@00003054: $15 <= 00000013
@00004180: $26 <= 00000020
@00004184: $27 <= 0000007c
@00004188: $26 <= 00000020
@000041f0: $ 9 <= 0000305c
@000041f4: $10 <= 00000004
@000041fc: $ 9 <= 00000000
@00004228: $ 9 <= 00000020
@0000422c: $10 <= 80000000
@00004230: $ 9 <= 00000000
@00004264: $17 <= 00000111
@00004268: $26 <= 0000305c
@0000426c: $26 <= 00003060
@0000427c: $21 <= 00003050
@00003050: $14 <= 00000000
@00003054: $15 <= 00000013
@00004180: $26 <= 00000020
